<?xml version="1.0" encoding="utf-8"?><testsuites name="pytest tests"><testsuite name="pytest" errors="0" failures="1" skipped="0" tests="25" time="162.541" timestamp="2025-07-26T13:36:10.099807-04:00" hostname="BlemisMac.local"><testcase classname="tests.test_basic_commands.TestBasicCommands" name="test_help_command" time="6.066" /><testcase classname="tests.test_basic_commands.TestBasicCommands" name="test_version_command" time="5.956" /><testcase classname="tests.test_basic_commands.TestBasicCommands" name="test_basic_info_commands[list]" time="6.842" /><testcase classname="tests.test_basic_commands.TestBasicCommands" name="test_basic_info_commands[list --scope user]" time="6.838" /><testcase classname="tests.test_basic_commands.TestBasicCommands" name="test_basic_info_commands[list --scope project]" time="6.858" /><testcase classname="tests.test_basic_commands.TestBasicCommands" name="test_basic_info_commands[status]" time="6.911" /><testcase classname="tests.test_basic_commands.TestBasicCommands" name="test_basic_info_commands[system-info]" time="6.885" /><testcase classname="tests.test_basic_commands.TestBasicCommands" name="test_command_help_subcommands" time="6.786" /><testcase classname="tests.test_basic_commands.TestBasicCommands" name="test_invalid_command_handling" time="5.998" /><testcase classname="tests.test_basic_commands.TestBasicCommands" name="test_missing_arguments_handling" time="6.580" /><testcase classname="tests.test_basic_commands.TestDiscoveryCommands" name="test_basic_discover" time="6.540" /><testcase classname="tests.test_basic_commands.TestDiscoveryCommands" name="test_discover_with_query[filesystem]" time="6.482" /><testcase classname="tests.test_basic_commands.TestDiscoveryCommands" name="test_discover_with_query[sqlite]" time="6.497" /><testcase classname="tests.test_basic_commands.TestDiscoveryCommands" name="test_discover_with_query[test]" time="6.758" /><testcase classname="tests.test_basic_commands.TestDiscoveryCommands" name="test_discover_with_type_filter[npm]" time="6.535" /><testcase classname="tests.test_basic_commands.TestDiscoveryCommands" name="test_discover_with_type_filter[docker]" time="6.103" /><testcase classname="tests.test_basic_commands.TestDiscoveryCommands" name="test_discover_with_type_filter[docker-desktop]" time="6.035" /><testcase classname="tests.test_basic_commands.TestDiscoveryCommands" name="test_discover_with_limit[1]" time="6.531" /><testcase classname="tests.test_basic_commands.TestDiscoveryCommands" name="test_discover_with_limit[5]" time="6.352" /><testcase classname="tests.test_basic_commands.TestDiscoveryCommands" name="test_discover_with_limit[10]" time="6.520" /><testcase classname="tests.test_basic_commands.TestDiscoveryCommands" name="test_discover_update_catalog" time="6.410" /><testcase classname="tests.test_basic_commands.TestDiscoveryCommands" name="test_discover_combined_options" time="6.227" /><testcase classname="tests.test_basic_commands.TestSystemInformation" name="test_system_info_command" time="6.905"><failure message="AssertionError: System info should show some system details&#10;assert False">tests/test_basic_commands.py:169: in test_system_info_command
    assert info_present, "System info should show some system details"
E   AssertionError: System info should show some system details
E   assert False</failure></testcase><testcase classname="tests.test_basic_commands.TestSystemInformation" name="test_status_command" time="6.900" /><testcase classname="tests.test_basic_commands.TestSystemInformation" name="test_monitor_status_command" time="5.978" /></testsuite></testsuites>