<?xml version="1.0" encoding="utf-8"?><testsuites name="pytest tests"><testsuite name="pytest" errors="0" failures="0" skipped="0" tests="4" time="23.135" timestamp="2025-07-26T14:00:50.899582-04:00" hostname="BlemisMac.local"><testcase classname="tests.test_basic_commands.TestSmokeTests" name="test_application_starts" time="4.378" /><testcase classname="tests.test_basic_commands.TestSmokeTests" name="test_core_commands_available" time="6.079" /><testcase classname="tests.test_basic_commands.TestSmokeTests" name="test_error_handling_works" time="5.722" /><testcase classname="tests.test_basic_commands.TestSmokeTests" name="test_list_command_baseline" time="6.941" /></testsuite></testsuites>